 ************************************************************************
 **                                                                    **
 **                                                                    **
 **                     Altair OptiStruct(TM) 2025                     **
 **                                                                    **
 **             Advanced Engineering Analysis, Design and              **
 **        Optimization Software from Altair Engineering, Inc.         **
 **                                                                    **
 **   OptiStruct includes an enhanced proprietary version of NASTRAN   **
 **                                                                    **
 **                                                                    **
 **                 Windows 10  (Build 9200)  RWRIGHT2                 **
 **           20 CPU:  13th Gen Intel(R) Core(TM) i9-13900H            **
 **                    14967 MB RAM,  50825 MB swap                    **
 **                                                                    **
 ** Build: 1246461uwn33xxx_Ce64RB6s8UH14M-000  46004004000000004000    **
 ************************************************************************
 **  COPYRIGHT (C) 1996-2024                 Altair Engineering, Inc.  **
 ** All Rights Reserved.  Copyright notice does not imply publication. **
 **         Contains trade secrets of Altair Engineering, Inc.         **
 ** Decompilation or disassembly of this software strictly prohibited. **
 ************************************************************************
 
  
 *** OptiStruct defaults set from:
   install config file: C:/Program Files/Altair/2025/hwsolvers/optistruct.cfg.
  
  
 NOTE # 9199
 MSGLMT=STRICT is active, all messages will be printed unless there is
 a subsequent MSGLMT definition to limit error or warning messages.
 You can also suppress some less important warning messages by use of
  MSGLMT=BRIEF or UNREF (in config file or in the input data).
  
 *** WARNING # 2069
 Incorrect line 11 in file tc3-v3-sol-103.fem (skipped):
  "12345678 12345678 12345678 12345678".
  
 
 *** See next message about line 13 from file: tc3-v3-sol-103.fem
  "GRID      2      0.0289286 0.0"
  
 *** ERROR # 1484 *** in the input data:
 Field 4 contains embedded blank(s).
  Syntax error(s) in the current line:
   13:GRID, 2, 0.02892, >ERROR<, 0.0
  
 
 *** See next message about line 14 from file: tc3-v3-sol-103.fem
  "GRID      3      0.0578571 0.0"
  
 *** ERROR # 1484 *** in the input data:
 Field 4 contains embedded blank(s).
  Syntax error(s) in the current line:
   14:GRID, 3, 0.05785, >ERROR<, 0.0
  
 
 *** See next message about line 15 from file: tc3-v3-sol-103.fem
  "GRID      4      0.0867857 0.0"
  
 *** ERROR # 1484 *** in the input data:
 Field 4 contains embedded blank(s).
  Syntax error(s) in the current line:
   15:GRID, 4, 0.08678, >ERROR<, 0.0
  
 
 *** See next message about line 16 from file: tc3-v3-sol-103.fem
  "GRID      5      0.1157143 0.0"
  
 *** ERROR # 1484 *** in the input data:
 Field 4 contains embedded blank(s).
  Syntax error(s) in the current line:
   16:GRID, 5, 0.11571, >ERROR<, 0.0
  
 
 *** See next message about line 17 from file: tc3-v3-sol-103.fem
  "GRID      6      0.1446429 0.0"
  
 *** ERROR # 1484 *** in the input data:
 Field 4 contains embedded blank(s).
  Syntax error(s) in the current line:
   17:GRID, 6, 0.14464, >ERROR<, 0.0
  
 
 *** See next message about line 18 from file: tc3-v3-sol-103.fem
  "GRID      7      0.1735714 0.0"
  
 *** ERROR # 1484 *** in the input data:
 Field 4 contains embedded blank(s).
  Syntax error(s) in the current line:
   18:GRID, 7, 0.17357, >ERROR<, 0.0
  
 
 *** See next message about line 26 from file: tc3-v3-sol-103.fem
  "GRID     15      0.1842857 0.165"
  
 *** ERROR # 1484 *** in the input data:
 Field 4 contains embedded blank(s).
  Syntax error(s) in the current line:
   26:GRID, 15, 0.18428, >ERROR<, 0.0
  
 
 *** See next message about line 27 from file: tc3-v3-sol-103.fem
  "GRID     16      0.1660714 0.165"
  
 *** ERROR # 1484 *** in the input data:
 Field 4 contains embedded blank(s).
  Syntax error(s) in the current line:
   27:GRID, 16, 0.16607, >ERROR<, 0.0
  
 
 *** See next message about line 28 from file: tc3-v3-sol-103.fem
  "GRID     17      0.1478571 0.165"
  
 *** ERROR # 1484 *** in the input data:
 Field 4 contains embedded blank(s).
  Syntax error(s) in the current line:
   28:GRID, 17, 0.14785, >ERROR<, 0.0
  
 
 *** See next message about line 29 from file: tc3-v3-sol-103.fem
  "GRID     18      0.1296429 0.165"
  
 *** ERROR # 1484 *** in the input data:
 Field 4 contains embedded blank(s).
  Syntax error(s) in the current line:
   29:GRID, 18, 0.12964, >ERROR<, 0.0
  
 *** More of ERROR messages # 1484 were suppressed...
  
  Syntax error(s) in the current line:
   30:GRID, 19, 0.11142, >ERROR<, 0.0
  Syntax error(s) in the current line:
   31:GRID, 20, 0.09321, >ERROR<, 0.0
  
 
 *** See next message about line 50 from file: tc3-v3-sol-103.fem
  (this is continuation line 2 of CQUAD4,26 bulk data)
  "MAT1   14.5E10  1.7E10  1800.0  0.0  293.0  0.001"
  
 *** ERROR # 1482 ***
 Field 1 contains incorrect characters or embedded blank(s).
  Syntax error(s) in the current line:
   57:SPC, 1, >ERROR<, >ERROR<, 0.0
  Syntax error(s) in the current line:
   58:SPC, 1, >ERROR<, >ERROR<, 0.0
  Syntax error(s) in the current line:
   59:SPC, 1, >ERROR<, >ERROR<, 0.0
  Syntax error(s) in the current line:
   60:SPC, 1, >ERROR<, >ERROR<, 0.0
  Syntax error(s) in the current line:
   61:SPC, 1, >ERROR<, >ERROR<, 0.0
  Syntax error(s) in the current line:
   62:SPC, 1, >ERROR<, >ERROR<, 0.0
  Syntax error(s) in the current line:
   63:SPC, 1, >ERROR<, >ERROR<, 0.0
  Syntax error(s) in the current line:
   64:SPC, 1, >ERROR<, >ERROR<, 0.0
 MAXIMUM DISK SPACE USED                                     1 MB

************************************************************************


************************************************************************

COMPUTE TIME INFORMATION
------------------------

 EXECUTION STARTED                         Sun Apr 27 21:12:54 2025    
 EXECUTION COMPLETED                       Sun Apr 27 21:12:54 2025    
 ELAPSED TIME                                         00:00:00
 CPU TIME                                             00:00:00

************************************************************************

  
 
 *** PROGRAM STOPPED: FATAL ERROR(s) ENCOUNTERED.
 
                        ***** END OF REPORT *****
  
 For OptiStruct Community Forum, go to the URL:
 http://www.altair.com/optistruct-community
 For Altair Community Knowledge Base, go to the URL:
 http://www.altair.com/knowledge
  
************************************************************************
 Following warning messages appeared too many times
 and were suppressed:
    1484
 Total of 18 repeat error message(s) were suppressed.
 To see more messages use "MSGLMT" control card in the data or config file.
  
************************************************************************
  
 There were 29 error messages during input processing.
  The first message is repeated below:
  
  
  *** See next message about line 13 from file: tc3-v3-sol-103.fem
   "GRID      2      0.0289286 0.0"
  
  *** ERROR # 1484 *** in the input data:
  Field 4 contains embedded blank(s).
  
 *** Run terminated because of error(s) in the input data.
  
  
  
************************************************************************
